<?xml version="1.0" encoding="UTF-8"?>
<testng-results ignored="0" total="1" passed="0" failed="1" skipped="0">
  <reporter-output>
  </reporter-output>
  <suite started-at="2021-12-24T13:42:09 CET" name="Default suite" finished-at="2021-12-24T13:42:20 CET" duration-ms="10993">
    <groups>
    </groups>
    <test started-at="2021-12-24T13:42:09 CET" name="Default test" finished-at="2021-12-24T13:42:20 CET" duration-ms="10993">
      <class name="Campagnes.CommandesAvecChrome">
        <test-method is-config="true" signature="setUp()[pri:0, instance:Campagnes.CommandesAvecChrome@dd8ba08]" started-at="2021-12-24T13:42:09 CET" name="setUp" finished-at="2021-12-24T13:42:16 CET" duration-ms="6738" status="PASS">
          <reporter-output>
          </reporter-output>
        </test-method> <!-- setUp -->
        <test-method signature="CommandesAvecCreationCompte()[pri:0, instance:Campagnes.CommandesAvecChrome@dd8ba08]" started-at="2021-12-24T13:42:16 CET" name="CommandesAvecCreationCompte" finished-at="2021-12-24T13:42:20 CET" duration-ms="3638" status="FAIL">
          <exception class="java.lang.AssertionError">
            <message>
              <![CDATA[expected [For any question about a product, an order] but found [If a technical problem occurs on this website]]]>
            </message>
            <full-stacktrace>
              <![CDATA[java.lang.AssertionError: expected [For any question about a product, an order] but found [If a technical problem occurs on this website]
at org.testng.Assert.fail(Assert.java:99)
at org.testng.Assert.failNotEquals(Assert.java:1037)
at org.testng.Assert.assertEqualsImpl(Assert.java:140)
at org.testng.Assert.assertEquals(Assert.java:122)
at org.testng.Assert.assertEquals(Assert.java:629)
at org.testng.Assert.assertEquals(Assert.java:639)
at Pages_Objets.Page_Accueil.ContactUsCustomerService(Page_Accueil.java:244)
at Tests.ContactUs.contactUs(ContactUs.java:15)
at Campagnes.CommandesAvecChrome.CommandesAvecCreationCompte(CommandesAvecChrome.java:62)
at java.base/jdk.internal.reflect.NativeMethodAccessorImpl.invoke0(Native Method)
at java.base/jdk.internal.reflect.NativeMethodAccessorImpl.invoke(NativeMethodAccessorImpl.java:62)
at java.base/jdk.internal.reflect.DelegatingMethodAccessorImpl.invoke(DelegatingMethodAccessorImpl.java:43)
at java.base/java.lang.reflect.Method.invoke(Method.java:564)
at org.testng.internal.MethodInvocationHelper.invokeMethod(MethodInvocationHelper.java:133)
at org.testng.internal.TestInvoker.invokeMethod(TestInvoker.java:598)
at org.testng.internal.TestInvoker.invokeTestMethod(TestInvoker.java:173)
at org.testng.internal.MethodRunner.runInSequence(MethodRunner.java:46)
at org.testng.internal.TestInvoker$MethodInvocationAgent.invoke(TestInvoker.java:824)
at org.testng.internal.TestInvoker.invokeTestMethods(TestInvoker.java:146)
at org.testng.internal.TestMethodWorker.invokeTestMethods(TestMethodWorker.java:146)
at org.testng.internal.TestMethodWorker.run(TestMethodWorker.java:128)
at java.base/java.util.ArrayList.forEach(ArrayList.java:1511)
at org.testng.TestRunner.privateRun(TestRunner.java:794)
at org.testng.TestRunner.run(TestRunner.java:596)
at org.testng.SuiteRunner.runTest(SuiteRunner.java:377)
at org.testng.SuiteRunner.runSequentially(SuiteRunner.java:371)
at org.testng.SuiteRunner.privateRun(SuiteRunner.java:332)
at org.testng.SuiteRunner.run(SuiteRunner.java:276)
at org.testng.SuiteRunnerWorker.runSuite(SuiteRunnerWorker.java:53)
at org.testng.SuiteRunnerWorker.run(SuiteRunnerWorker.java:96)
at org.testng.TestNG.runSuitesSequentially(TestNG.java:1212)
at org.testng.TestNG.runSuitesLocally(TestNG.java:1134)
at org.testng.TestNG.runSuites(TestNG.java:1063)
at org.testng.TestNG.run(TestNG.java:1031)
at org.testng.remote.AbstractRemoteTestNG.run(AbstractRemoteTestNG.java:115)
at org.testng.remote.RemoteTestNG.initAndRun(RemoteTestNG.java:251)
at org.testng.remote.RemoteTestNG.main(RemoteTestNG.java:77)
]]>
            </full-stacktrace>
          </exception> <!-- java.lang.AssertionError -->
          <reporter-output>
          </reporter-output>
        </test-method> <!-- CommandesAvecCreationCompte -->
        <test-method is-config="true" signature="tearDown()[pri:0, instance:Campagnes.CommandesAvecChrome@dd8ba08]" started-at="2021-12-24T13:42:20 CET" name="tearDown" finished-at="2021-12-24T13:42:20 CET" duration-ms="594" status="PASS">
          <reporter-output>
          </reporter-output>
        </test-method> <!-- tearDown -->
      </class> <!-- Campagnes.CommandesAvecChrome -->
    </test> <!-- Default test -->
  </suite> <!-- Default suite -->
</testng-results>
